0 info it worked if it ends with ok
1 verbose cli [ '/usr/bin/node', '/usr/bin/npm', 'run-script', 'lint' ]
2 info using npm@6.14.16
3 info using node@v12.22.12
4 verbose stack Error: Failed to parse json
4 verbose stack Unexpected string in JSON at position 301 while parsing '{
4 verbose stack   "name": "myapp",
4 verbose stack   "version": "1.0.0'
4 verbose stack     at parseError (/usr/lib/node_modules/npm/node_modules/read-package-json/read-json.js:470:11)
4 verbose stack     at parseJson (/usr/lib/node_modules/npm/node_modules/read-package-json/read-json.js:105:26)
4 verbose stack     at /usr/lib/node_modules/npm/node_modules/read-package-json/read-json.js:52:5
4 verbose stack     at /usr/lib/node_modules/npm/node_modules/graceful-fs/graceful-fs.js:123:16
4 verbose stack     at FSReqCallback.readFileAfterClose [as oncomplete] (internal/fs/read_file_context.js:63:3)
5 verbose cwd /root/myapp
6 verbose Linux 4.15.0-142-generic
7 verbose argv "/usr/bin/node" "/usr/bin/npm" "run-script" "lint"
8 verbose node v12.22.12
9 verbose npm  v6.14.16
10 error code EJSONPARSE
11 error file /root/myapp/package.json
12 error JSON.parse Failed to parse json
12 error JSON.parse Unexpected string in JSON at position 301 while parsing '{
12 error JSON.parse   "name": "myapp",
12 error JSON.parse   "version": "1.0.0'
13 error JSON.parse Failed to parse package.json data.
13 error JSON.parse package.json must be actual JSON, not just JavaScript.
14 verbose exit [ 1, true ]
